Port 5173 is in use, trying another one...

  VITE v5.4.21  ready in 1789 ms

  ➜  Local:   http://localhost:5174/
  ➜  Network: use --host to expose
[baseline-browser-mapping] The data in this module is over two months old.  To ensure accurate Baseline data, please update: `npm i baseline-browser-mapping@latest -D`
10:37:29 PM [vite-plugin-svelte] /app/frontend/src/App.svelte:401:20 A11y: A form label must be associated with a control.
10:37:30 PM [vite-plugin-svelte] /app/frontend/src/App.svelte:387:14 A11y: visible, non-interactive elements with an on:click event must be accompanied by a keyboard event handler. Consider whether an interactive element such as <button type="button"> or <a> might be more appropriate. See https://svelte.dev/docs/accessibility-warnings#a11y-click-events-have-key-events for more details.
10:37:30 PM [vite-plugin-svelte] /app/frontend/src/App.svelte:387:14 A11y: <div> with click handler must have an ARIA role
10:37:33 PM [vite-plugin-svelte] /app/frontend/src/components/ForkModal.svelte:199:4 A11y: visible, non-interactive elements with an on:click event must be accompanied by a keyboard event handler. Consider whether an interactive element such as <button type="button"> or <a> might be more appropriate. See https://svelte.dev/docs/accessibility-warnings#a11y-click-events-have-key-events for more details.
10:37:33 PM [vite-plugin-svelte] /app/frontend/src/components/ForkModal.svelte:199:4 A11y: <div> with click handler must have an ARIA role
10:37:33 PM [vite-plugin-svelte] /app/frontend/src/components/ForkModal.svelte:195:2 A11y: visible, non-interactive elements with an on:click event must be accompanied by a keyboard event handler. Consider whether an interactive element such as <button type="button"> or <a> might be more appropriate. See https://svelte.dev/docs/accessibility-warnings#a11y-click-events-have-key-events for more details.
10:37:33 PM [vite-plugin-svelte] /app/frontend/src/components/ForkModal.svelte:195:2 A11y: <div> with click handler must have an ARIA role
10:37:33 PM [vite-plugin-svelte] /app/frontend/src/components/PDFViewer.svelte:249:10 A11y: Avoid using autofocus
10:37:34 PM [vite-plugin-svelte] /app/frontend/src/components/renderers/ArchiveRenderer.svelte:313:4 A11y: noninteractive element cannot have nonnegative tabIndex value
10:37:34 PM [vite-plugin-svelte] /app/frontend/src/components/renderers/ArchiveRenderer.svelte:313:4 A11y: Non-interactive element <div> should not be assigned mouse or keyboard event listeners.
10:37:34 PM [vite-plugin-svelte] /app/frontend/src/components/renderers/RelicIndexRenderer.svelte:9:15 RelicIndexRenderer has unused export property 'relicId'. If it is for external reference only, please consider using `export const relicId`
10:37:34 PM [vite-plugin-svelte] /app/frontend/src/components/EditRelicModal.svelte:113:20 A11y: A form label must be associated with a control.
10:37:34 PM [vite-plugin-svelte] /app/frontend/src/components/EditRelicModal.svelte:126:20 A11y: A form label must be associated with a control.
10:37:34 PM [vite-plugin-svelte] /app/frontend/src/components/EditRelicModal.svelte:150:20 A11y: A form label must be associated with a control.
10:37:34 PM [vite-plugin-svelte] /app/frontend/src/components/EditRelicModal.svelte:177:20 A11y: A form label must be associated with a control.
10:37:34 PM [vite-plugin-svelte] /app/frontend/src/components/EditRelicModal.svelte:191:20 A11y: A form label must be associated with a control.
10:37:34 PM [vite-plugin-svelte] /app/frontend/src/components/EditRelicModal.svelte:106:4 A11y: visible, non-interactive elements with an on:click event must be accompanied by a keyboard event handler. Consider whether an interactive element such as <button type="button"> or <a> might be more appropriate. See https://svelte.dev/docs/accessibility-warnings#a11y-click-events-have-key-events for more details.
10:37:34 PM [vite-plugin-svelte] /app/frontend/src/components/EditRelicModal.svelte:106:4 A11y: <div> with click handler must have an ARIA role
10:37:34 PM [vite-plugin-svelte] /app/frontend/src/components/ForkEditor.svelte:207:6 A11y: A form label must be associated with a control.
10:37:34 PM [vite-plugin-svelte] /app/frontend/src/components/ForkEditor.svelte:253:6 A11y: A form label must be associated with a control.
10:37:35 PM [vite-plugin-svelte] /app/frontend/src/components/ReportModal.svelte:55:8 A11y: visible, non-interactive elements with an on:click event must be accompanied by a keyboard event handler. Consider whether an interactive element such as <button type="button"> or <a> might be more appropriate. See https://svelte.dev/docs/accessibility-warnings#a11y-click-events-have-key-events for more details.
10:37:35 PM [vite-plugin-svelte] /app/frontend/src/components/ReportModal.svelte:55:8 A11y: <div> with click handler must have an ARIA role
10:37:35 PM [vite-plugin-svelte] /app/frontend/src/components/ReportModal.svelte:51:4 A11y: visible, non-interactive elements with an on:click event must be accompanied by a keyboard event handler. Consider whether an interactive element such as <button type="button"> or <a> might be more appropriate. See https://svelte.dev/docs/accessibility-warnings#a11y-click-events-have-key-events for more details.
10:37:35 PM [vite-plugin-svelte] /app/frontend/src/components/ReportModal.svelte:51:4 A11y: <div> with click handler must have an ARIA role
10:37:39 PM [vite] http proxy error: /api/v1/client/register
AggregateError [ECONNREFUSED]:
    at internalConnectMultiple (node:net:1134:18)
    at afterConnectMultiple (node:net:1715:7)
10:37:39 PM [vite] http proxy error: /api/v1/version
AggregateError [ECONNREFUSED]:
    at internalConnectMultiple (node:net:1134:18)
    at afterConnectMultiple (node:net:1715:7)
10:37:39 PM [vite] http proxy error: /api/v1/client/register
AggregateError [ECONNREFUSED]:
    at internalConnectMultiple (node:net:1134:18)
    at afterConnectMultiple (node:net:1715:7)
10:37:39 PM [vite] http proxy error: /api/v1/admin/check
AggregateError [ECONNREFUSED]:
    at internalConnectMultiple (node:net:1134:18)
    at afterConnectMultiple (node:net:1715:7)
